<?xml version="1.0" encoding="UTF-8"?>
<!-- Generated by org.testng.reporters.JUnitXMLReporter -->
<testsuite ignored="0" hostname="LAPTOP-NH67TDS8" failures="0" tests="2" name="Surefire test" time="0.11" errors="0" timestamp="2026-04-10T22:19:12 IST">
  <testcase classname="com.seleniumProject.PracticeSeleniumDemo.BaseClass" name="@BeforeMethod setup" time="-1.775839752184E9">
    <failure type="org.testng.TestNGException" message="
Parameter &amp;apos;browser&amp;apos; is required by BeforeMethod on method setup but has not been marked @Optional or defined
">
      <![CDATA[org.testng.TestNGException: 
Parameter 'browser' is required by BeforeMethod on method setup but has not been marked @Optional or defined

at java.base/java.util.ArrayList.forEach(ArrayList.java:1596)
... Removed 33 stack frames]]>
    </failure>
  </testcase> <!-- @BeforeMethod setup -->
  <testcase classname="com.seleniumProject.PracticeSeleniumDemo.BaseClass" name="@AfterMethod teardown" time="0.0">
    <skipped/>
  </testcase> <!-- @AfterMethod teardown -->
  <testcase classname="com.seleniumProject.PracticeSeleniumDemo.BaseClass" name="@BeforeMethod setup" time="0.0">
    <skipped/>
  </testcase> <!-- @BeforeMethod setup -->
  <testcase classname="com.seleniumProject.PracticeSeleniumDemo.BaseClass" name="@AfterMethod teardown" time="0.0">
    <skipped/>
  </testcase> <!-- @AfterMethod teardown -->
  <testcase classname="com.seleniumProject.PracticeSeleniumDemo.AlertFramewindowstest" name="handlenewtab" time="0.0">
    <skipped/>
  </testcase> <!-- handlenewtab -->
  <testcase classname="com.seleniumProject.PracticeSeleniumDemo.AlertFramewindowstest" name="handlewindow" time="0.0">
    <skipped/>
  </testcase> <!-- handlewindow -->
</testsuite> <!-- Surefire test -->
