<?xml version="1.0" encoding="UTF-8"?>
<!-- Generated by org.testng.reporters.JUnitXMLReporter -->
<testsuite ignored="1" hostname="LAPTOP-NH67TDS8" failures="0" tests="1" name="ChromeBrowserTest" time="4.288" errors="0" timestamp="2026-04-15T18:05:25 IST">
  <testcase classname="com.seleniumProject.PracticeSeleniumDemo.Widgettest" name="clickallacco" time="0.261"/>
  <testcase classname="com.seleniumProject.PracticeSeleniumDemo.Widgettest" name="handleaccordian" time="0.0">
    <ignored/>
  </testcase> <!-- handleaccordian -->
</testsuite> <!-- ChromeBrowserTest -->
