<?xml version="1.0" encoding="UTF-8"?>
<!-- Generated by org.testng.reporters.JUnitXMLReporter -->
<testsuite ignored="0" hostname="LAPTOP-NH67TDS8" failures="0" tests="2" name="ChromeBrowserTest" time="50.284" errors="0" timestamp="2026-04-10T22:21:51 IST">
  <testcase classname="com.seleniumProject.PracticeSeleniumDemo.AlertFramewindowstest" name="handlenewtab" time="5.98"/>
  <testcase classname="com.seleniumProject.PracticeSeleniumDemo.AlertFramewindowstest" name="handlewindow" time="3.382"/>
</testsuite> <!-- ChromeBrowserTest -->
