<?xml version="1.0" encoding="UTF-8"?>
<testng-results ignored="0" total="2" passed="2" failed="0" skipped="0">
  <reporter-output>
  </reporter-output>
  <suite started-at="2026-04-10T22:20:59 IST" name="Suite" finished-at="2026-04-10T22:21:50 IST" duration-ms="50284">
    <groups>
    </groups>
    <test started-at="2026-04-10T22:20:59 IST" name="ChromeBrowserTest" finished-at="2026-04-10T22:21:50 IST" duration-ms="50284">
      <class name="com.seleniumProject.PracticeSeleniumDemo.AlertFramewindowstest">
        <test-method is-config="true" signature="setup(java.lang.String)[pri:0, instance:com.seleniumProject.PracticeSeleniumDemo.AlertFramewindowstest@776a6d9b]" started-at="2026-04-10T22:20:59 IST" name="setup" finished-at="2026-04-10T22:21:34 IST" duration-ms="34376" status="PASS">
          <params>
            <param index="0">
              <value>
                <![CDATA[chrome]]>
              </value>
            </param>
          </params>
          <reporter-output>
          </reporter-output>
        </test-method> <!-- setup -->
        <test-method signature="handlenewtab()[pri:0, instance:com.seleniumProject.PracticeSeleniumDemo.AlertFramewindowstest@776a6d9b]" started-at="2026-04-10T22:21:34 IST" name="handlenewtab" finished-at="2026-04-10T22:21:40 IST" duration-ms="5980" status="PASS">
          <reporter-output>
          </reporter-output>
        </test-method> <!-- handlenewtab -->
        <test-method is-config="true" signature="teardown()[pri:0, instance:com.seleniumProject.PracticeSeleniumDemo.AlertFramewindowstest@776a6d9b]" started-at="2026-04-10T22:21:40 IST" name="teardown" finished-at="2026-04-10T22:21:40 IST" duration-ms="529" status="PASS">
          <reporter-output>
          </reporter-output>
        </test-method> <!-- teardown -->
        <test-method is-config="true" signature="setup(java.lang.String)[pri:0, instance:com.seleniumProject.PracticeSeleniumDemo.AlertFramewindowstest@776a6d9b]" started-at="2026-04-10T22:21:40 IST" name="setup" finished-at="2026-04-10T22:21:46 IST" duration-ms="5598" status="PASS">
          <params>
            <param index="0">
              <value>
                <![CDATA[chrome]]>
              </value>
            </param>
          </params>
          <reporter-output>
          </reporter-output>
        </test-method> <!-- setup -->
        <test-method signature="handlewindow()[pri:0, instance:com.seleniumProject.PracticeSeleniumDemo.AlertFramewindowstest@776a6d9b]" started-at="2026-04-10T22:21:46 IST" name="handlewindow" finished-at="2026-04-10T22:21:49 IST" duration-ms="3382" status="PASS">
          <reporter-output>
          </reporter-output>
        </test-method> <!-- handlewindow -->
        <test-method is-config="true" signature="teardown()[pri:0, instance:com.seleniumProject.PracticeSeleniumDemo.AlertFramewindowstest@776a6d9b]" started-at="2026-04-10T22:21:49 IST" name="teardown" finished-at="2026-04-10T22:21:50 IST" duration-ms="362" status="PASS">
          <reporter-output>
          </reporter-output>
        </test-method> <!-- teardown -->
      </class> <!-- com.seleniumProject.PracticeSeleniumDemo.AlertFramewindowstest -->
    </test> <!-- ChromeBrowserTest -->
  </suite> <!-- Suite -->
</testng-results>
