<?xml version="1.0" encoding="UTF-8"?>
<testng-results ignored="0" total="5" passed="4" failed="1" skipped="0">
  <reporter-output>
  </reporter-output>
  <suite started-at="2026-04-12T13:02:09 IST" name="Suite" finished-at="2026-04-12T13:02:27 IST" duration-ms="17817">
    <groups>
    </groups>
    <test started-at="2026-04-12T13:02:09 IST" name="ChromeBrowserTest" finished-at="2026-04-12T13:02:27 IST" duration-ms="17817">
      <class name="com.seleniumProject.PracticeSeleniumDemo.AlertFramewindowstest">
        <test-method is-config="true" signature="setup(java.lang.String)[pri:0, instance:com.seleniumProject.PracticeSeleniumDemo.AlertFramewindowstest@3ddc6915]" started-at="2026-04-12T13:02:09 IST" name="setup" finished-at="2026-04-12T13:02:11 IST" duration-ms="2536" status="PASS">
          <params>
            <param index="0">
              <value>
                <![CDATA[chrome]]>
              </value>
            </param>
          </params>
          <reporter-output>
          </reporter-output>
        </test-method> <!-- setup -->
        <test-method signature="handleClick_Button_alert()[pri:0, instance:com.seleniumProject.PracticeSeleniumDemo.AlertFramewindowstest@3ddc6915]" started-at="2026-04-12T13:02:11 IST" name="handleClick_Button_alert" finished-at="2026-04-12T13:02:13 IST" duration-ms="1753" status="PASS">
          <reporter-output>
          </reporter-output>
        </test-method> <!-- handleClick_Button_alert -->
        <test-method is-config="true" signature="teardown()[pri:0, instance:com.seleniumProject.PracticeSeleniumDemo.AlertFramewindowstest@3ddc6915]" started-at="2026-04-12T13:02:13 IST" name="teardown" finished-at="2026-04-12T13:02:14 IST" duration-ms="350" status="PASS">
          <reporter-output>
          </reporter-output>
        </test-method> <!-- teardown -->
        <test-method is-config="true" signature="setup(java.lang.String)[pri:0, instance:com.seleniumProject.PracticeSeleniumDemo.AlertFramewindowstest@3ddc6915]" started-at="2026-04-12T13:02:14 IST" name="setup" finished-at="2026-04-12T13:02:15 IST" duration-ms="1602" status="PASS">
          <params>
            <param index="0">
              <value>
                <![CDATA[chrome]]>
              </value>
            </param>
          </params>
          <reporter-output>
          </reporter-output>
        </test-method> <!-- setup -->
        <test-method signature="handleconfirmbtn()[pri:0, instance:com.seleniumProject.PracticeSeleniumDemo.AlertFramewindowstest@3ddc6915]" started-at="2026-04-12T13:02:15 IST" name="handleconfirmbtn" finished-at="2026-04-12T13:02:15 IST" duration-ms="131" status="FAIL">
          <exception class="org.openqa.selenium.NoSuchElementException">
            <message>
              <![CDATA[no such element: Unable to locate element: {"method":"css selector","selector":"#confirmResult"}
  (Session info: chrome=146.0.7680.178)
For documentation on this error, please visit: https://www.selenium.dev/documentation/webdriver/troubleshooting/errors#no-such-element-exception
Build info: version: '4.35.0', revision: '1c58e5028b'
System info: os.name: 'Windows 11', os.arch: 'amd64', os.version: '10.0', java.version: '21.0.8'
Driver info: org.openqa.selenium.chrome.ChromeDriver
Command: [cc51fc86ca78d4c9eb55d3cf2704cefe, findElement {value=confirmResult, using=id}]
Capabilities {acceptInsecureCerts: false, browserName: chrome, browserVersion: 146.0.7680.178, chrome: {chromedriverVersion: 146.0.7680.165 (4b989da09e1..., userDataDir: C:\Users\AISHWA~1\AppData\L...}, fedcm:accounts: true, goog:chromeOptions: {debuggerAddress: localhost:57298}, goog:processID: 18152, networkConnectionEnabled: false, pageLoadStrategy: normal, platformName: windows, proxy: Proxy(), se:cdp: ws://localhost:57298/devtoo..., se:cdpVersion: 146.0.7680.178, setWindowRect: true, strictFileInteractability: false, timeouts: {implicit: 0, pageLoad: 300000, script: 30000}, unhandledPromptBehavior: dismiss and notify, webauthn:extension:credBlob: true, webauthn:extension:largeBlob: true, webauthn:extension:minPinLength: true, webauthn:extension:prf: true, webauthn:virtualAuthenticators: true}
Session ID: cc51fc86ca78d4c9eb55d3cf2704cefe]]>
            </message>
            <full-stacktrace>
              <![CDATA[org.openqa.selenium.NoSuchElementException: no such element: Unable to locate element: {"method":"css selector","selector":"#confirmResult"}
  (Session info: chrome=146.0.7680.178)
For documentation on this error, please visit: https://www.selenium.dev/documentation/webdriver/troubleshooting/errors#no-such-element-exception
Build info: version: '4.35.0', revision: '1c58e5028b'
System info: os.name: 'Windows 11', os.arch: 'amd64', os.version: '10.0', java.version: '21.0.8'
Driver info: org.openqa.selenium.chrome.ChromeDriver
Command: [cc51fc86ca78d4c9eb55d3cf2704cefe, findElement {value=confirmResult, using=id}]
Capabilities {acceptInsecureCerts: false, browserName: chrome, browserVersion: 146.0.7680.178, chrome: {chromedriverVersion: 146.0.7680.165 (4b989da09e1..., userDataDir: C:\Users\AISHWA~1\AppData\L...}, fedcm:accounts: true, goog:chromeOptions: {debuggerAddress: localhost:57298}, goog:processID: 18152, networkConnectionEnabled: false, pageLoadStrategy: normal, platformName: windows, proxy: Proxy(), se:cdp: ws://localhost:57298/devtoo..., se:cdpVersion: 146.0.7680.178, setWindowRect: true, strictFileInteractability: false, timeouts: {implicit: 0, pageLoad: 300000, script: 30000}, unhandledPromptBehavior: dismiss and notify, webauthn:extension:credBlob: true, webauthn:extension:largeBlob: true, webauthn:extension:minPinLength: true, webauthn:extension:prf: true, webauthn:virtualAuthenticators: true}
Session ID: cc51fc86ca78d4c9eb55d3cf2704cefe
at java.base/jdk.internal.reflect.DirectConstructorHandleAccessor.newInstance(DirectConstructorHandleAccessor.java:62)
at java.base/java.lang.reflect.Constructor.newInstanceWithCaller(Constructor.java:502)
at java.base/java.lang.reflect.Constructor.newInstance(Constructor.java:486)
at org.openqa.selenium.remote.ErrorCodec.decode(ErrorCodec.java:167)
at org.openqa.selenium.remote.codec.w3c.W3CHttpResponseCodec.decode(W3CHttpResponseCodec.java:138)
at org.openqa.selenium.remote.codec.w3c.W3CHttpResponseCodec.decode(W3CHttpResponseCodec.java:50)
at org.openqa.selenium.remote.HttpCommandExecutor.execute(HttpCommandExecutor.java:215)
at org.openqa.selenium.remote.service.DriverCommandExecutor.invokeExecute(DriverCommandExecutor.java:216)
at org.openqa.selenium.remote.service.DriverCommandExecutor.execute(DriverCommandExecutor.java:174)
at org.openqa.selenium.remote.RemoteWebDriver.execute(RemoteWebDriver.java:557)
at org.openqa.selenium.remote.ElementLocation$ElementFinder$2.findElement(ElementLocation.java:165)
at org.openqa.selenium.remote.ElementLocation.findElement(ElementLocation.java:66)
at org.openqa.selenium.remote.RemoteWebDriver.findElement(RemoteWebDriver.java:380)
at org.openqa.selenium.remote.RemoteWebDriver.findElement(RemoteWebDriver.java:374)
at org.openqa.selenium.support.pagefactory.DefaultElementLocator.findElement(DefaultElementLocator.java:68)
at org.openqa.selenium.support.pagefactory.internal.LocatingElementHandler.invoke(LocatingElementHandler.java:38)
at jdk.proxy2/jdk.proxy2.$Proxy15.getWrappedElement(Unknown Source)
at org.openqa.selenium.remote.WebElementToJsonConverter.apply(WebElementToJsonConverter.java:48)
at java.base/java.util.stream.ReferencePipeline$3$1.accept(ReferencePipeline.java:197)
at java.base/java.util.Spliterators$ArraySpliterator.forEachRemaining(Spliterators.java:1024)
at java.base/java.util.stream.AbstractPipeline.copyInto(AbstractPipeline.java:509)
at java.base/java.util.stream.AbstractPipeline.wrapAndCopyInto(AbstractPipeline.java:499)
at java.base/java.util.stream.ReduceOps$ReduceOp.evaluateSequential(ReduceOps.java:921)
at java.base/java.util.stream.AbstractPipeline.evaluate(AbstractPipeline.java:234)
at java.base/java.util.stream.ReferencePipeline.collect(ReferencePipeline.java:682)
at org.openqa.selenium.remote.RemoteWebDriver.executeScript(RemoteWebDriver.java:486)
at com.seleniumProject.PracticeSeleniumDemo.AlertframeWindows.confirmalert(AlertframeWindows.java:84)
at com.seleniumProject.PracticeSeleniumDemo.AlertFramewindowstest.handleconfirmbtn(AlertFramewindowstest.java:65)
at java.base/jdk.internal.reflect.DirectMethodHandleAccessor.invoke(DirectMethodHandleAccessor.java:103)
at java.base/java.lang.reflect.Method.invoke(Method.java:580)
at org.testng.internal.invokers.MethodInvocationHelper.invokeMethod(MethodInvocationHelper.java:141)
at org.testng.internal.invokers.TestInvoker.invokeMethod(TestInvoker.java:687)
at org.testng.internal.invokers.TestInvoker.invokeTestMethod(TestInvoker.java:230)
at org.testng.internal.invokers.MethodRunner.runInSequence(MethodRunner.java:63)
at org.testng.internal.invokers.TestInvoker$MethodInvocationAgent.invoke(TestInvoker.java:995)
at org.testng.internal.invokers.TestInvoker.invokeTestMethods(TestInvoker.java:203)
at org.testng.internal.invokers.TestMethodWorker.invokeTestMethods(TestMethodWorker.java:154)
at org.testng.internal.invokers.TestMethodWorker.run(TestMethodWorker.java:134)
at java.base/java.util.ArrayList.forEach(ArrayList.java:1596)
at org.testng.TestRunner.privateRun(TestRunner.java:741)
at org.testng.TestRunner.run(TestRunner.java:616)
at org.testng.SuiteRunner.runTest(SuiteRunner.java:421)
at org.testng.SuiteRunner.runSequentially(SuiteRunner.java:413)
at org.testng.SuiteRunner.privateRun(SuiteRunner.java:373)
at org.testng.SuiteRunner.run(SuiteRunner.java:312)
at org.testng.SuiteRunnerWorker.runSuite(SuiteRunnerWorker.java:52)
at org.testng.SuiteRunnerWorker.run(SuiteRunnerWorker.java:95)
at org.testng.TestNG.runSuitesSequentially(TestNG.java:1274)
at org.testng.TestNG.runSuitesLocally(TestNG.java:1208)
at org.testng.TestNG.runSuites(TestNG.java:1112)
at org.testng.TestNG.run(TestNG.java:1079)
at org.testng.remote.AbstractRemoteTestNG.run(AbstractRemoteTestNG.java:115)
at org.testng.remote.RemoteTestNG.initAndRun(RemoteTestNG.java:293)
at org.testng.remote.RemoteTestNG.main(RemoteTestNG.java:91)
]]>
            </full-stacktrace>
          </exception> <!-- org.openqa.selenium.NoSuchElementException -->
          <reporter-output>
          </reporter-output>
        </test-method> <!-- handleconfirmbtn -->
        <test-method is-config="true" signature="teardown()[pri:0, instance:com.seleniumProject.PracticeSeleniumDemo.AlertFramewindowstest@3ddc6915]" started-at="2026-04-12T13:02:16 IST" name="teardown" finished-at="2026-04-12T13:02:16 IST" duration-ms="281" status="PASS">
          <reporter-output>
          </reporter-output>
        </test-method> <!-- teardown -->
        <test-method is-config="true" signature="setup(java.lang.String)[pri:0, instance:com.seleniumProject.PracticeSeleniumDemo.AlertFramewindowstest@3ddc6915]" started-at="2026-04-12T13:02:16 IST" name="setup" finished-at="2026-04-12T13:02:18 IST" duration-ms="1687" status="PASS">
          <params>
            <param index="0">
              <value>
                <![CDATA[chrome]]>
              </value>
            </param>
          </params>
          <reporter-output>
          </reporter-output>
        </test-method> <!-- setup -->
        <test-method signature="handlenewtab()[pri:0, instance:com.seleniumProject.PracticeSeleniumDemo.AlertFramewindowstest@3ddc6915]" started-at="2026-04-12T13:02:18 IST" name="handlenewtab" finished-at="2026-04-12T13:02:19 IST" duration-ms="1653" status="PASS">
          <reporter-output>
          </reporter-output>
        </test-method> <!-- handlenewtab -->
        <test-method is-config="true" signature="teardown()[pri:0, instance:com.seleniumProject.PracticeSeleniumDemo.AlertFramewindowstest@3ddc6915]" started-at="2026-04-12T13:02:19 IST" name="teardown" finished-at="2026-04-12T13:02:20 IST" duration-ms="275" status="PASS">
          <reporter-output>
          </reporter-output>
        </test-method> <!-- teardown -->
        <test-method is-config="true" signature="setup(java.lang.String)[pri:0, instance:com.seleniumProject.PracticeSeleniumDemo.AlertFramewindowstest@3ddc6915]" started-at="2026-04-12T13:02:20 IST" name="setup" finished-at="2026-04-12T13:02:21 IST" duration-ms="1762" status="PASS">
          <params>
            <param index="0">
              <value>
                <![CDATA[chrome]]>
              </value>
            </param>
          </params>
          <reporter-output>
          </reporter-output>
        </test-method> <!-- setup -->
        <test-method signature="handlepromtalert()[pri:0, instance:com.seleniumProject.PracticeSeleniumDemo.AlertFramewindowstest@3ddc6915]" started-at="2026-04-12T13:02:21 IST" name="handlepromtalert" finished-at="2026-04-12T13:02:22 IST" duration-ms="987" status="PASS">
          <reporter-output>
          </reporter-output>
        </test-method> <!-- handlepromtalert -->
        <test-method is-config="true" signature="teardown()[pri:0, instance:com.seleniumProject.PracticeSeleniumDemo.AlertFramewindowstest@3ddc6915]" started-at="2026-04-12T13:02:22 IST" name="teardown" finished-at="2026-04-12T13:02:23 IST" duration-ms="308" status="PASS">
          <reporter-output>
          </reporter-output>
        </test-method> <!-- teardown -->
        <test-method is-config="true" signature="setup(java.lang.String)[pri:0, instance:com.seleniumProject.PracticeSeleniumDemo.AlertFramewindowstest@3ddc6915]" started-at="2026-04-12T13:02:23 IST" name="setup" finished-at="2026-04-12T13:02:24 IST" duration-ms="1492" status="PASS">
          <params>
            <param index="0">
              <value>
                <![CDATA[chrome]]>
              </value>
            </param>
          </params>
          <reporter-output>
          </reporter-output>
        </test-method> <!-- setup -->
        <test-method signature="handlewindow()[pri:0, instance:com.seleniumProject.PracticeSeleniumDemo.AlertFramewindowstest@3ddc6915]" started-at="2026-04-12T13:02:24 IST" name="handlewindow" finished-at="2026-04-12T13:02:26 IST" duration-ms="2203" status="PASS">
          <reporter-output>
          </reporter-output>
        </test-method> <!-- handlewindow -->
        <test-method is-config="true" signature="teardown()[pri:0, instance:com.seleniumProject.PracticeSeleniumDemo.AlertFramewindowstest@3ddc6915]" started-at="2026-04-12T13:02:26 IST" name="teardown" finished-at="2026-04-12T13:02:27 IST" duration-ms="337" status="PASS">
          <reporter-output>
          </reporter-output>
        </test-method> <!-- teardown -->
      </class> <!-- com.seleniumProject.PracticeSeleniumDemo.AlertFramewindowstest -->
    </test> <!-- ChromeBrowserTest -->
  </suite> <!-- Suite -->
</testng-results>
