<?xml version="1.0" encoding="UTF-8"?>
<!-- Generated by org.testng.reporters.JUnitReportReporter -->
<testsuite hostname="LAPTOP-NH67TDS8" failures="0" tests="2" name="com.seleniumProject.PracticeSeleniumDemo.Formtest" time="2.030" errors="0" timestamp="2026-04-10T14:24:25 IST" skipped="1">
  <testcase classname="com.seleniumProject.PracticeSeleniumDemo.Formtest" name="invalidsubmitform" time="2.030"/>
  <testcase classname="com.seleniumProject.PracticeSeleniumDemo.Formtest" name="validsubmitform">
    <skipped/>
  </testcase> <!-- validsubmitform -->
</testsuite> <!-- com.seleniumProject.PracticeSeleniumDemo.Formtest -->
