<?xml version="1.0" encoding="UTF-8"?>
<!-- Generated by org.testng.reporters.JUnitReportReporter -->
<testsuite hostname="LAPTOP-NH67TDS8" failures="0" tests="2" name="com.seleniumProject.PracticeSeleniumDemo.Widgettest" time="4.248" errors="0" timestamp="2026-04-15T18:05:25 IST" skipped="1">
  <testcase classname="com.seleniumProject.PracticeSeleniumDemo.Widgettest" name="clickallacco" time="4.248"/>
  <testcase classname="com.seleniumProject.PracticeSeleniumDemo.Widgettest" name="handleaccordian">
    <skipped/>
  </testcase> <!-- handleaccordian -->
</testsuite> <!-- com.seleniumProject.PracticeSeleniumDemo.Widgettest -->
