<?xml version="1.0" encoding="UTF-8"?>
<!-- Generated by org.testng.reporters.JUnitReportReporter -->
<testsuite hostname="LAPTOP-NH67TDS8" failures="0" tests="2" name="com.seleniumProject.PracticeSeleniumDemo.AlertFramewindowstest" time="50.227" errors="0" timestamp="2026-04-10T22:21:51 IST" skipped="0">
  <testcase classname="com.seleniumProject.PracticeSeleniumDemo.AlertFramewindowstest" name="handlewindow" time="9.342"/>
  <testcase classname="com.seleniumProject.PracticeSeleniumDemo.AlertFramewindowstest" name="handlenewtab" time="40.885"/>
</testsuite> <!-- com.seleniumProject.PracticeSeleniumDemo.AlertFramewindowstest -->
